<?xml version="1.0" encoding="UTF-8"?>
<!-- Generated by org.testng.reporters.JUnitReportReporter -->
<testsuite hostname="ASHWIN_RAMTEKE" failures="0" tests="1" name="OrangeHR.Project.JobDetails" time="43.332" errors="0" timestamp="2024-02-29T18:14:19 IST" skipped="0">
  <testcase classname="OrangeHR.Project.JobDetails" name="logintest" time="43.332"/>
  <system-out/>
</testsuite> <!-- OrangeHR.Project.JobDetails -->
