<?xml version="1.0" encoding="UTF-8"?>
<!-- Generated by org.testng.reporters.JUnitReportReporter -->
<testsuite hostname="ASHWIN_RAMTEKE" failures="0" tests="1" name="OrangeHR.Project.Login" time="12.994" errors="0" timestamp="2024-02-29T16:23:43 IST" skipped="0">
  <testcase classname="OrangeHR.Project.Login" name="logintest" time="12.994"/>
  <system-out/>
</testsuite> <!-- OrangeHR.Project.Login -->
