<?xml version="1.0" encoding="UTF-8"?>
<!-- Generated by org.testng.reporters.JUnitReportReporter -->
<testsuite hostname="ASHWIN_RAMTEKE" failures="0" tests="1" name="OrangeHR.Project.Login" time="23.159" errors="0" timestamp="2024-02-29T18:22:27 IST" skipped="0">
  <testcase classname="OrangeHR.Project.Login" name="logintest" time="23.159"/>
  <system-out/>
</testsuite> <!-- OrangeHR.Project.Login -->
